{"/Users/luccamedeiros/repos/ta-pago/server/src/api/adapters/index.ts": {"path":"/Users/luccamedeiros/repos/ta-pago/server/src/api/adapters/index.ts","statementMap":{"0":{"start":{"line":1,"column":0},"end":{"line":1,"column":9}},"1":{"start":{"line":19,"column":2},"end":{"line":1,"column":44}},"2":{"start":{"line":2,"column":0},"end":{"line":2,"column":9}},"3":{"start":{"line":22,"column":2},"end":{"line":2,"column":50}},"4":{"start":{"line":3,"column":0},"end":{"line":3,"column":9}},"5":{"start":{"line":23,"column":2},"end":{"line":3,"column":58}},"6":{"start":{"line":4,"column":0},"end":{"line":4,"column":9}},"7":{"start":{"line":20,"column":2},"end":{"line":4,"column":45}},"8":{"start":{"line":5,"column":0},"end":{"line":5,"column":9}},"9":{"start":{"line":21,"column":2},"end":{"line":5,"column":49}},"10":{"start":{"line":6,"column":0},"end":{"line":6,"column":9}},"11":{"start":{"line":24,"column":2},"end":{"line":6,"column":58}},"12":{"start":{"line":7,"column":0},"end":{"line":7,"column":9}},"13":{"start":{"line":25,"column":2},"end":{"line":7,"column":52}},"14":{"start":{"line":8,"column":0},"end":{"line":8,"column":9}},"15":{"start":{"line":26,"column":2},"end":{"line":8,"column":54}},"16":{"start":{"line":9,"column":0},"end":{"line":9,"column":9}},"17":{"start":{"line":27,"column":2},"end":{"line":9,"column":54}},"18":{"start":{"line":10,"column":0},"end":{"line":10,"column":9}},"19":{"start":{"line":28,"column":2},"end":{"line":10,"column":48}},"20":{"start":{"line":11,"column":0},"end":{"line":11,"column":9}},"21":{"start":{"line":29,"column":2},"end":{"line":11,"column":48}},"22":{"start":{"line":12,"column":0},"end":{"line":12,"column":9}},"23":{"start":{"line":30,"column":2},"end":{"line":12,"column":52}},"24":{"start":{"line":13,"column":0},"end":{"line":13,"column":9}},"25":{"start":{"line":31,"column":2},"end":{"line":13,"column":48}},"26":{"start":{"line":14,"column":0},"end":{"line":14,"column":9}},"27":{"start":{"line":32,"column":2},"end":{"line":14,"column":63}},"28":{"start":{"line":15,"column":0},"end":{"line":15,"column":9}},"29":{"start":{"line":33,"column":2},"end":{"line":15,"column":61}}},"fnMap":{"0":{"name":"(anonymous_0)","decl":{"start":{"line":19,"column":2},"end":{"line":19,"column":14}},"loc":{"start":{"line":19,"column":2},"end":{"line":1,"column":44}}},"1":{"name":"(anonymous_1)","decl":{"start":{"line":22,"column":2},"end":{"line":22,"column":19}},"loc":{"start":{"line":22,"column":2},"end":{"line":2,"column":50}}},"2":{"name":"(anonymous_2)","decl":{"start":{"line":23,"column":2},"end":{"line":23,"column":23}},"loc":{"start":{"line":23,"column":2},"end":{"line":3,"column":58}}},"3":{"name":"(anonymous_3)","decl":{"start":{"line":20,"column":2},"end":{"line":20,"column":11}},"loc":{"start":{"line":20,"column":2},"end":{"line":4,"column":45}}},"4":{"name":"(anonymous_4)","decl":{"start":{"line":21,"column":2},"end":{"line":21,"column":15}},"loc":{"start":{"line":21,"column":2},"end":{"line":5,"column":49}}},"5":{"name":"(anonymous_5)","decl":{"start":{"line":24,"column":2},"end":{"line":24,"column":23}},"loc":{"start":{"line":24,"column":2},"end":{"line":6,"column":58}}},"6":{"name":"(anonymous_6)","decl":{"start":{"line":25,"column":2},"end":{"line":25,"column":20}},"loc":{"start":{"line":25,"column":2},"end":{"line":7,"column":52}}},"7":{"name":"(anonymous_7)","decl":{"start":{"line":26,"column":2},"end":{"line":26,"column":21}},"loc":{"start":{"line":26,"column":2},"end":{"line":8,"column":54}}},"8":{"name":"(anonymous_8)","decl":{"start":{"line":27,"column":2},"end":{"line":27,"column":21}},"loc":{"start":{"line":27,"column":2},"end":{"line":9,"column":54}}},"9":{"name":"(anonymous_9)","decl":{"start":{"line":28,"column":2},"end":{"line":28,"column":18}},"loc":{"start":{"line":28,"column":2},"end":{"line":10,"column":48}}},"10":{"name":"(anonymous_10)","decl":{"start":{"line":29,"column":2},"end":{"line":29,"column":18}},"loc":{"start":{"line":29,"column":2},"end":{"line":11,"column":48}}},"11":{"name":"(anonymous_11)","decl":{"start":{"line":30,"column":2},"end":{"line":30,"column":20}},"loc":{"start":{"line":30,"column":2},"end":{"line":12,"column":52}}},"12":{"name":"(anonymous_12)","decl":{"start":{"line":31,"column":2},"end":{"line":31,"column":18}},"loc":{"start":{"line":31,"column":2},"end":{"line":13,"column":48}}},"13":{"name":"(anonymous_13)","decl":{"start":{"line":32,"column":2},"end":{"line":32,"column":22}},"loc":{"start":{"line":32,"column":2},"end":{"line":14,"column":63}}},"14":{"name":"(anonymous_14)","decl":{"start":{"line":33,"column":2},"end":{"line":33,"column":21}},"loc":{"start":{"line":33,"column":2},"end":{"line":15,"column":61}}}},"branchMap":{},"s":{"0":5,"1":5,"2":5,"3":5,"4":5,"5":5,"6":5,"7":5,"8":5,"9":19,"10":5,"11":5,"12":5,"13":5,"14":5,"15":5,"16":5,"17":5,"18":5,"19":5,"20":5,"21":5,"22":5,"23":5,"24":5,"25":5,"26":5,"27":5,"28":5,"29":5},"f":{"0":0,"1":0,"2":0,"3":0,"4":14,"5":0,"6":0,"7":0,"8":0,"9":0,"10":0,"11":0,"12":0,"13":0,"14":0},"b":{}}
,"/Users/luccamedeiros/repos/ta-pago/server/src/api/adapters/auth/login.ts": {"path":"/Users/luccamedeiros/repos/ta-pago/server/src/api/adapters/auth/login.ts","statementMap":{"0":{"start":{"line":4,"column":21},"end":{"line":13,"column":1}},"1":{"start":{"line":5,"column":40},"end":{"line":8,"column":null}},"2":{"start":{"line":9,"column":2},"end":{"line":11,"column":null}},"3":{"start":{"line":10,"column":4},"end":{"line":10,"column":65}},"4":{"start":{"line":12,"column":2},"end":{"line":12,"column":9}},"5":{"start":{"line":15,"column":9},"end":{"line":15,"column":21}}},"fnMap":{"0":{"name":"(anonymous_0)","decl":{"start":{"line":4,"column":21},"end":{"line":4,"column":26}},"loc":{"start":{"line":4,"column":105},"end":{"line":13,"column":1}}}},"branchMap":{"0":{"loc":{"start":{"line":9,"column":2},"end":{"line":11,"column":null}},"type":"if","locations":[{"start":{"line":9,"column":2},"end":{"line":11,"column":null}}]},"1":{"loc":{"start":{"line":9,"column":6},"end":{"line":9,"column":57}},"type":"binary-expr","locations":[{"start":{"line":9,"column":6},"end":{"line":9,"column":28}},{"start":{"line":9,"column":32},"end":{"line":9,"column":57}}]}},"s":{"0":5,"1":0,"2":0,"3":0,"4":0,"5":5},"f":{"0":0},"b":{"0":[0],"1":[0,0]}}
,"/Users/luccamedeiros/repos/ta-pago/server/src/api/adapters/auth/verifyJWT.ts": {"path":"/Users/luccamedeiros/repos/ta-pago/server/src/api/adapters/auth/verifyJWT.ts","statementMap":{"0":{"start":{"line":3,"column":12},"end":{"line":3,"column":35}},"1":{"start":{"line":6,"column":2},"end":{"line":6,"column":61}},"2":{"start":{"line":25,"column":20},"end":{"line":25,"column":33}},"3":{"start":{"line":9,"column":34},"end":{"line":23,"column":1}},"4":{"start":{"line":10,"column":2},"end":{"line":12,"column":null}},"5":{"start":{"line":11,"column":4},"end":{"line":11,"column":72}},"6":{"start":{"line":14,"column":16},"end":{"line":14,"column":45}},"7":{"start":{"line":16,"column":2},"end":{"line":22,"column":null}},"8":{"start":{"line":17,"column":4},"end":{"line":19,"column":null}},"9":{"start":{"line":18,"column":6},"end":{"line":18,"column":47}},"10":{"start":{"line":20,"column":4},"end":{"line":20,"column":42}},"11":{"start":{"line":21,"column":4},"end":{"line":21,"column":11}},"12":{"start":{"line":25,"column":9},"end":{"line":25,"column":18}}},"fnMap":{"0":{"name":"isAuthRequest","decl":{"start":{"line":5,"column":9},"end":{"line":5,"column":22}},"loc":{"start":{"line":5,"column":35},"end":{"line":7,"column":1}}},"1":{"name":"(anonymous_1)","decl":{"start":{"line":9,"column":34},"end":{"line":9,"column":39}},"loc":{"start":{"line":9,"column":118},"end":{"line":23,"column":1}}},"2":{"name":"(anonymous_2)","decl":{"start":{"line":16,"column":40},"end":{"line":16,"column":41}},"loc":{"start":{"line":16,"column":71},"end":{"line":22,"column":3}}}},"branchMap":{"0":{"loc":{"start":{"line":6,"column":9},"end":{"line":6,"column":60}},"type":"binary-expr","locations":[{"start":{"line":6,"column":9},"end":{"line":6,"column":25}},{"start":{"line":6,"column":29},"end":{"line":6,"column":60}}]},"1":{"loc":{"start":{"line":10,"column":2},"end":{"line":12,"column":null}},"type":"if","locations":[{"start":{"line":10,"column":2},"end":{"line":12,"column":null}}]},"2":{"loc":{"start":{"line":17,"column":4},"end":{"line":19,"column":null}},"type":"if","locations":[{"start":{"line":17,"column":4},"end":{"line":19,"column":null}}]}},"s":{"0":5,"1":14,"2":5,"3":5,"4":0,"5":0,"6":0,"7":0,"8":0,"9":0,"10":0,"11":0,"12":5},"f":{"0":14,"1":0,"2":0},"b":{"0":[14,14],"1":[0],"2":[0]}}
,"/Users/luccamedeiros/repos/ta-pago/server/src/api/adapters/exercise/create.ts": {"path":"/Users/luccamedeiros/repos/ta-pago/server/src/api/adapters/exercise/create.ts","statementMap":{"0":{"start":{"line":4,"column":30},"end":{"line":18,"column":1}},"1":{"start":{"line":5,"column":58},"end":{"line":10,"column":null}},"2":{"start":{"line":11,"column":2},"end":{"line":16,"column":null}},"3":{"start":{"line":15,"column":4},"end":{"line":15,"column":65}},"4":{"start":{"line":17,"column":2},"end":{"line":17,"column":9}},"5":{"start":{"line":20,"column":9},"end":{"line":20,"column":30}}},"fnMap":{"0":{"name":"(anonymous_0)","decl":{"start":{"line":4,"column":30},"end":{"line":4,"column":35}},"loc":{"start":{"line":4,"column":114},"end":{"line":18,"column":1}}}},"branchMap":{"0":{"loc":{"start":{"line":11,"column":2},"end":{"line":16,"column":null}},"type":"if","locations":[{"start":{"line":11,"column":2},"end":{"line":16,"column":null}}]},"1":{"loc":{"start":{"line":11,"column":6},"end":{"line":14,"column":39}},"type":"binary-expr","locations":[{"start":{"line":11,"column":6},"end":{"line":11,"column":36}},{"start":{"line":12,"column":4},"end":{"line":12,"column":36}},{"start":{"line":13,"column":4},"end":{"line":13,"column":41}},{"start":{"line":14,"column":4},"end":{"line":14,"column":39}}]}},"s":{"0":5,"1":0,"2":0,"3":0,"4":0,"5":5},"f":{"0":0},"b":{"0":[0],"1":[0,0,0,0]}}
,"/Users/luccamedeiros/repos/ta-pago/server/src/api/adapters/exercise/delete.ts": {"path":"/Users/luccamedeiros/repos/ta-pago/server/src/api/adapters/exercise/delete.ts","statementMap":{"0":{"start":{"line":4,"column":30},"end":{"line":12,"column":1}},"1":{"start":{"line":5,"column":58},"end":{"line":7,"column":null}},"2":{"start":{"line":8,"column":2},"end":{"line":10,"column":null}},"3":{"start":{"line":9,"column":4},"end":{"line":9,"column":65}},"4":{"start":{"line":11,"column":2},"end":{"line":11,"column":9}},"5":{"start":{"line":14,"column":9},"end":{"line":14,"column":30}}},"fnMap":{"0":{"name":"(anonymous_0)","decl":{"start":{"line":4,"column":30},"end":{"line":4,"column":35}},"loc":{"start":{"line":4,"column":114},"end":{"line":12,"column":1}}}},"branchMap":{"0":{"loc":{"start":{"line":8,"column":2},"end":{"line":10,"column":null}},"type":"if","locations":[{"start":{"line":8,"column":2},"end":{"line":10,"column":null}}]}},"s":{"0":5,"1":0,"2":0,"3":0,"4":0,"5":5},"f":{"0":0},"b":{"0":[0]}}
,"/Users/luccamedeiros/repos/ta-pago/server/src/api/adapters/exercise/get.ts": {"path":"/Users/luccamedeiros/repos/ta-pago/server/src/api/adapters/exercise/get.ts","statementMap":{"0":{"start":{"line":4,"column":27},"end":{"line":12,"column":1}},"1":{"start":{"line":5,"column":52},"end":{"line":7,"column":null}},"2":{"start":{"line":8,"column":2},"end":{"line":10,"column":null}},"3":{"start":{"line":9,"column":4},"end":{"line":9,"column":65}},"4":{"start":{"line":11,"column":2},"end":{"line":11,"column":9}},"5":{"start":{"line":14,"column":9},"end":{"line":14,"column":27}}},"fnMap":{"0":{"name":"(anonymous_0)","decl":{"start":{"line":4,"column":27},"end":{"line":4,"column":32}},"loc":{"start":{"line":4,"column":111},"end":{"line":12,"column":1}}}},"branchMap":{"0":{"loc":{"start":{"line":8,"column":2},"end":{"line":10,"column":null}},"type":"if","locations":[{"start":{"line":8,"column":2},"end":{"line":10,"column":null}}]}},"s":{"0":5,"1":0,"2":0,"3":0,"4":0,"5":5},"f":{"0":0},"b":{"0":[0]}}
,"/Users/luccamedeiros/repos/ta-pago/server/src/api/adapters/group/create.ts": {"path":"/Users/luccamedeiros/repos/ta-pago/server/src/api/adapters/group/create.ts","statementMap":{"0":{"start":{"line":4,"column":27},"end":{"line":14,"column":1}},"1":{"start":{"line":5,"column":52},"end":{"line":8,"column":null}},"2":{"start":{"line":9,"column":2},"end":{"line":12,"column":null}},"3":{"start":{"line":11,"column":4},"end":{"line":11,"column":65}},"4":{"start":{"line":13,"column":2},"end":{"line":13,"column":9}},"5":{"start":{"line":16,"column":9},"end":{"line":16,"column":27}}},"fnMap":{"0":{"name":"(anonymous_0)","decl":{"start":{"line":4,"column":27},"end":{"line":4,"column":32}},"loc":{"start":{"line":4,"column":111},"end":{"line":14,"column":1}}}},"branchMap":{"0":{"loc":{"start":{"line":9,"column":2},"end":{"line":12,"column":null}},"type":"if","locations":[{"start":{"line":9,"column":2},"end":{"line":12,"column":null}}]},"1":{"loc":{"start":{"line":9,"column":6},"end":{"line":10,"column":38}},"type":"binary-expr","locations":[{"start":{"line":9,"column":6},"end":{"line":9,"column":33}},{"start":{"line":10,"column":4},"end":{"line":10,"column":38}}]}},"s":{"0":5,"1":0,"2":0,"3":0,"4":0,"5":5},"f":{"0":0},"b":{"0":[0],"1":[0,0]}}
,"/Users/luccamedeiros/repos/ta-pago/server/src/api/adapters/group/get-group-info.ts": {"path":"/Users/luccamedeiros/repos/ta-pago/server/src/api/adapters/group/get-group-info.ts","statementMap":{"0":{"start":{"line":4,"column":28},"end":{"line":12,"column":1}},"1":{"start":{"line":5,"column":50},"end":{"line":7,"column":null}},"2":{"start":{"line":8,"column":2},"end":{"line":10,"column":null}},"3":{"start":{"line":9,"column":4},"end":{"line":9,"column":65}},"4":{"start":{"line":11,"column":2},"end":{"line":11,"column":9}},"5":{"start":{"line":14,"column":9},"end":{"line":14,"column":28}}},"fnMap":{"0":{"name":"(anonymous_0)","decl":{"start":{"line":4,"column":28},"end":{"line":4,"column":33}},"loc":{"start":{"line":4,"column":112},"end":{"line":12,"column":1}}}},"branchMap":{"0":{"loc":{"start":{"line":8,"column":2},"end":{"line":10,"column":null}},"type":"if","locations":[{"start":{"line":8,"column":2},"end":{"line":10,"column":null}}]}},"s":{"0":5,"1":0,"2":0,"3":0,"4":0,"5":5},"f":{"0":0},"b":{"0":[0]}}
,"/Users/luccamedeiros/repos/ta-pago/server/src/api/adapters/group/get-user-groups.ts": {"path":"/Users/luccamedeiros/repos/ta-pago/server/src/api/adapters/group/get-user-groups.ts","statementMap":{"0":{"start":{"line":4,"column":29},"end":{"line":12,"column":1}},"1":{"start":{"line":5,"column":51},"end":{"line":7,"column":null}},"2":{"start":{"line":8,"column":2},"end":{"line":10,"column":null}},"3":{"start":{"line":9,"column":4},"end":{"line":9,"column":65}},"4":{"start":{"line":11,"column":2},"end":{"line":11,"column":9}},"5":{"start":{"line":14,"column":9},"end":{"line":14,"column":29}}},"fnMap":{"0":{"name":"(anonymous_0)","decl":{"start":{"line":4,"column":29},"end":{"line":4,"column":34}},"loc":{"start":{"line":4,"column":113},"end":{"line":12,"column":1}}}},"branchMap":{"0":{"loc":{"start":{"line":8,"column":2},"end":{"line":10,"column":null}},"type":"if","locations":[{"start":{"line":8,"column":2},"end":{"line":10,"column":null}}]}},"s":{"0":5,"1":0,"2":0,"3":0,"4":0,"5":5},"f":{"0":0},"b":{"0":[0]}}
,"/Users/luccamedeiros/repos/ta-pago/server/src/api/adapters/group/join.ts": {"path":"/Users/luccamedeiros/repos/ta-pago/server/src/api/adapters/group/join.ts","statementMap":{"0":{"start":{"line":4,"column":25},"end":{"line":12,"column":1}},"1":{"start":{"line":5,"column":48},"end":{"line":7,"column":null}},"2":{"start":{"line":8,"column":2},"end":{"line":10,"column":null}},"3":{"start":{"line":9,"column":4},"end":{"line":9,"column":65}},"4":{"start":{"line":11,"column":2},"end":{"line":11,"column":9}},"5":{"start":{"line":14,"column":9},"end":{"line":14,"column":25}}},"fnMap":{"0":{"name":"(anonymous_0)","decl":{"start":{"line":4,"column":25},"end":{"line":4,"column":30}},"loc":{"start":{"line":4,"column":109},"end":{"line":12,"column":1}}}},"branchMap":{"0":{"loc":{"start":{"line":8,"column":2},"end":{"line":10,"column":null}},"type":"if","locations":[{"start":{"line":8,"column":2},"end":{"line":10,"column":null}}]}},"s":{"0":5,"1":0,"2":0,"3":0,"4":0,"5":5},"f":{"0":0},"b":{"0":[0]}}
,"/Users/luccamedeiros/repos/ta-pago/server/src/api/adapters/record/create.ts": {"path":"/Users/luccamedeiros/repos/ta-pago/server/src/api/adapters/record/create.ts","statementMap":{"0":{"start":{"line":4,"column":28},"end":{"line":14,"column":1}},"1":{"start":{"line":5,"column":54},"end":{"line":8,"column":null}},"2":{"start":{"line":9,"column":2},"end":{"line":12,"column":null}},"3":{"start":{"line":11,"column":4},"end":{"line":11,"column":65}},"4":{"start":{"line":13,"column":2},"end":{"line":13,"column":9}},"5":{"start":{"line":16,"column":9},"end":{"line":16,"column":28}}},"fnMap":{"0":{"name":"(anonymous_0)","decl":{"start":{"line":4,"column":28},"end":{"line":4,"column":33}},"loc":{"start":{"line":4,"column":112},"end":{"line":14,"column":1}}}},"branchMap":{"0":{"loc":{"start":{"line":9,"column":2},"end":{"line":12,"column":null}},"type":"if","locations":[{"start":{"line":9,"column":2},"end":{"line":12,"column":null}}]},"1":{"loc":{"start":{"line":9,"column":6},"end":{"line":10,"column":39}},"type":"binary-expr","locations":[{"start":{"line":9,"column":6},"end":{"line":9,"column":34}},{"start":{"line":10,"column":4},"end":{"line":10,"column":39}}]}},"s":{"0":5,"1":0,"2":0,"3":0,"4":0,"5":5},"f":{"0":0},"b":{"0":[0],"1":[0,0]}}
,"/Users/luccamedeiros/repos/ta-pago/server/src/api/adapters/record/delete.ts": {"path":"/Users/luccamedeiros/repos/ta-pago/server/src/api/adapters/record/delete.ts","statementMap":{"0":{"start":{"line":4,"column":28},"end":{"line":12,"column":1}},"1":{"start":{"line":5,"column":54},"end":{"line":7,"column":null}},"2":{"start":{"line":8,"column":2},"end":{"line":10,"column":null}},"3":{"start":{"line":9,"column":4},"end":{"line":9,"column":65}},"4":{"start":{"line":11,"column":2},"end":{"line":11,"column":9}},"5":{"start":{"line":14,"column":9},"end":{"line":14,"column":28}}},"fnMap":{"0":{"name":"(anonymous_0)","decl":{"start":{"line":4,"column":28},"end":{"line":4,"column":33}},"loc":{"start":{"line":4,"column":112},"end":{"line":12,"column":1}}}},"branchMap":{"0":{"loc":{"start":{"line":8,"column":2},"end":{"line":10,"column":null}},"type":"if","locations":[{"start":{"line":8,"column":2},"end":{"line":10,"column":null}}]}},"s":{"0":5,"1":0,"2":0,"3":0,"4":0,"5":5},"f":{"0":0},"b":{"0":[0]}}
,"/Users/luccamedeiros/repos/ta-pago/server/src/api/adapters/record/get.ts": {"path":"/Users/luccamedeiros/repos/ta-pago/server/src/api/adapters/record/get.ts","statementMap":{"0":{"start":{"line":4,"column":25},"end":{"line":12,"column":1}},"1":{"start":{"line":5,"column":48},"end":{"line":7,"column":null}},"2":{"start":{"line":8,"column":2},"end":{"line":10,"column":null}},"3":{"start":{"line":9,"column":4},"end":{"line":9,"column":65}},"4":{"start":{"line":11,"column":2},"end":{"line":11,"column":9}},"5":{"start":{"line":14,"column":9},"end":{"line":14,"column":25}}},"fnMap":{"0":{"name":"(anonymous_0)","decl":{"start":{"line":4,"column":25},"end":{"line":4,"column":30}},"loc":{"start":{"line":4,"column":109},"end":{"line":12,"column":1}}}},"branchMap":{"0":{"loc":{"start":{"line":8,"column":2},"end":{"line":10,"column":null}},"type":"if","locations":[{"start":{"line":8,"column":2},"end":{"line":10,"column":null}}]}},"s":{"0":5,"1":0,"2":0,"3":0,"4":0,"5":5},"f":{"0":0},"b":{"0":[0]}}
,"/Users/luccamedeiros/repos/ta-pago/server/src/api/adapters/record/put.ts": {"path":"/Users/luccamedeiros/repos/ta-pago/server/src/api/adapters/record/put.ts","statementMap":{"0":{"start":{"line":4,"column":25},"end":{"line":14,"column":1}},"1":{"start":{"line":5,"column":48},"end":{"line":8,"column":null}},"2":{"start":{"line":9,"column":2},"end":{"line":12,"column":null}},"3":{"start":{"line":11,"column":4},"end":{"line":11,"column":65}},"4":{"start":{"line":13,"column":2},"end":{"line":13,"column":9}},"5":{"start":{"line":16,"column":9},"end":{"line":16,"column":25}}},"fnMap":{"0":{"name":"(anonymous_0)","decl":{"start":{"line":4,"column":25},"end":{"line":4,"column":30}},"loc":{"start":{"line":4,"column":109},"end":{"line":14,"column":1}}}},"branchMap":{"0":{"loc":{"start":{"line":9,"column":2},"end":{"line":12,"column":null}},"type":"if","locations":[{"start":{"line":9,"column":2},"end":{"line":12,"column":null}}]},"1":{"loc":{"start":{"line":9,"column":6},"end":{"line":10,"column":33}},"type":"binary-expr","locations":[{"start":{"line":9,"column":6},"end":{"line":9,"column":36}},{"start":{"line":10,"column":4},"end":{"line":10,"column":33}}]}},"s":{"0":5,"1":0,"2":0,"3":0,"4":0,"5":5},"f":{"0":0},"b":{"0":[0],"1":[0,0]}}
,"/Users/luccamedeiros/repos/ta-pago/server/src/api/adapters/user/create.ts": {"path":"/Users/luccamedeiros/repos/ta-pago/server/src/api/adapters/user/create.ts","statementMap":{"0":{"start":{"line":4,"column":26},"end":{"line":14,"column":1}},"1":{"start":{"line":5,"column":50},"end":{"line":9,"column":null}},"2":{"start":{"line":10,"column":2},"end":{"line":12,"column":null}},"3":{"start":{"line":11,"column":4},"end":{"line":11,"column":65}},"4":{"start":{"line":13,"column":2},"end":{"line":13,"column":9}},"5":{"start":{"line":16,"column":9},"end":{"line":16,"column":26}}},"fnMap":{"0":{"name":"(anonymous_0)","decl":{"start":{"line":4,"column":26},"end":{"line":4,"column":31}},"loc":{"start":{"line":4,"column":110},"end":{"line":14,"column":1}}}},"branchMap":{"0":{"loc":{"start":{"line":10,"column":2},"end":{"line":12,"column":null}},"type":"if","locations":[{"start":{"line":10,"column":2},"end":{"line":12,"column":null}}]},"1":{"loc":{"start":{"line":10,"column":6},"end":{"line":10,"column":97}},"type":"binary-expr","locations":[{"start":{"line":10,"column":6},"end":{"line":10,"column":32}},{"start":{"line":10,"column":36},"end":{"line":10,"column":63}},{"start":{"line":10,"column":67},"end":{"line":10,"column":97}}]}},"s":{"0":5,"1":0,"2":0,"3":0,"4":0,"5":5},"f":{"0":0},"b":{"0":[0],"1":[0,0,0]}}
,"/Users/luccamedeiros/repos/ta-pago/server/src/api/controllers/exercise/create.ts": {"path":"/Users/luccamedeiros/repos/ta-pago/server/src/api/controllers/exercise/create.ts","statementMap":{"0":{"start":{"line":3,"column":0},"end":{"line":3,"column":47}},"1":{"start":{"line":4,"column":0},"end":{"line":4,"column":57}},"2":{"start":{"line":5,"column":0},"end":{"line":5,"column":27}},"3":{"start":{"line":7,"column":23},"end":{"line":23,"column":1}},"4":{"start":{"line":8,"column":2},"end":{"line":10,"column":null}},"5":{"start":{"line":9,"column":4},"end":{"line":9,"column":72}},"6":{"start":{"line":12,"column":22},"end":{"line":19,"column":4}},"7":{"start":{"line":21,"column":43},"end":{"line":21,"column":54}},"8":{"start":{"line":22,"column":2},"end":{"line":22,"column":28}},"9":{"start":{"line":25,"column":9},"end":{"line":25,"column":23}}},"fnMap":{"0":{"name":"(anonymous_1)","decl":{"start":{"line":7,"column":23},"end":{"line":7,"column":28}},"loc":{"start":{"line":7,"column":87},"end":{"line":23,"column":1}}}},"branchMap":{"0":{"loc":{"start":{"line":8,"column":2},"end":{"line":10,"column":null}},"type":"if","locations":[{"start":{"line":8,"column":2},"end":{"line":10,"column":null}}]}},"s":{"0":1,"1":1,"2":1,"3":1,"4":2,"5":1,"6":1,"7":1,"8":1,"9":1},"f":{"0":2},"b":{"0":[1]}}
,"/Users/luccamedeiros/repos/ta-pago/server/src/api/controllers/exercise/delete.ts": {"path":"/Users/luccamedeiros/repos/ta-pago/server/src/api/controllers/exercise/delete.ts","statementMap":{"0":{"start":{"line":3,"column":0},"end":{"line":3,"column":47}},"1":{"start":{"line":4,"column":0},"end":{"line":4,"column":57}},"2":{"start":{"line":5,"column":0},"end":{"line":5,"column":27}},"3":{"start":{"line":7,"column":23},"end":{"line":34,"column":1}},"4":{"start":{"line":8,"column":2},"end":{"line":10,"column":null}},"5":{"start":{"line":9,"column":4},"end":{"line":9,"column":72}},"6":{"start":{"line":12,"column":27},"end":{"line":16,"column":4}},"7":{"start":{"line":18,"column":2},"end":{"line":20,"column":null}},"8":{"start":{"line":19,"column":4},"end":{"line":19,"column":66}},"9":{"start":{"line":22,"column":2},"end":{"line":24,"column":null}},"10":{"start":{"line":23,"column":4},"end":{"line":23,"column":82}},"11":{"start":{"line":26,"column":2},"end":{"line":30,"column":5}},"12":{"start":{"line":32,"column":43},"end":{"line":32,"column":59}},"13":{"start":{"line":33,"column":2},"end":{"line":33,"column":28}},"14":{"start":{"line":36,"column":9},"end":{"line":36,"column":23}}},"fnMap":{"0":{"name":"(anonymous_1)","decl":{"start":{"line":7,"column":23},"end":{"line":7,"column":28}},"loc":{"start":{"line":7,"column":87},"end":{"line":34,"column":1}}}},"branchMap":{"0":{"loc":{"start":{"line":8,"column":2},"end":{"line":10,"column":null}},"type":"if","locations":[{"start":{"line":8,"column":2},"end":{"line":10,"column":null}}]},"1":{"loc":{"start":{"line":18,"column":2},"end":{"line":20,"column":null}},"type":"if","locations":[{"start":{"line":18,"column":2},"end":{"line":20,"column":null}}]},"2":{"loc":{"start":{"line":22,"column":2},"end":{"line":24,"column":null}},"type":"if","locations":[{"start":{"line":22,"column":2},"end":{"line":24,"column":null}}]}},"s":{"0":1,"1":1,"2":1,"3":1,"4":4,"5":1,"6":3,"7":3,"8":1,"9":2,"10":1,"11":1,"12":1,"13":1,"14":1},"f":{"0":4},"b":{"0":[1],"1":[1],"2":[1]}}
,"/Users/luccamedeiros/repos/ta-pago/server/src/api/controllers/exercise/get.ts": {"path":"/Users/luccamedeiros/repos/ta-pago/server/src/api/controllers/exercise/get.ts","statementMap":{"0":{"start":{"line":3,"column":0},"end":{"line":3,"column":47}},"1":{"start":{"line":4,"column":0},"end":{"line":4,"column":57}},"2":{"start":{"line":5,"column":0},"end":{"line":5,"column":49}},"3":{"start":{"line":6,"column":0},"end":{"line":6,"column":27}},"4":{"start":{"line":8,"column":20},"end":{"line":31,"column":1}},"5":{"start":{"line":9,"column":2},"end":{"line":11,"column":null}},"6":{"start":{"line":10,"column":4},"end":{"line":10,"column":72}},"7":{"start":{"line":13,"column":29},"end":{"line":17,"column":4}},"8":{"start":{"line":19,"column":2},"end":{"line":21,"column":null}},"9":{"start":{"line":20,"column":4},"end":{"line":20,"column":62}},"10":{"start":{"line":23,"column":24},"end":{"line":27,"column":4}},"11":{"start":{"line":29,"column":40},"end":{"line":29,"column":53}},"12":{"start":{"line":30,"column":2},"end":{"line":30,"column":28}},"13":{"start":{"line":33,"column":9},"end":{"line":33,"column":20}}},"fnMap":{"0":{"name":"(anonymous_1)","decl":{"start":{"line":8,"column":20},"end":{"line":8,"column":25}},"loc":{"start":{"line":8,"column":84},"end":{"line":31,"column":1}}}},"branchMap":{"0":{"loc":{"start":{"line":9,"column":2},"end":{"line":11,"column":null}},"type":"if","locations":[{"start":{"line":9,"column":2},"end":{"line":11,"column":null}}]},"1":{"loc":{"start":{"line":19,"column":2},"end":{"line":21,"column":null}},"type":"if","locations":[{"start":{"line":19,"column":2},"end":{"line":21,"column":null}}]}},"s":{"0":1,"1":1,"2":1,"3":1,"4":1,"5":3,"6":1,"7":2,"8":2,"9":1,"10":1,"11":1,"12":1,"13":1},"f":{"0":3},"b":{"0":[1],"1":[1]}}
,"/Users/luccamedeiros/repos/ta-pago/server/src/api/controllers/group/create.ts": {"path":"/Users/luccamedeiros/repos/ta-pago/server/src/api/controllers/group/create.ts","statementMap":{"0":{"start":{"line":3,"column":0},"end":{"line":3,"column":47}},"1":{"start":{"line":4,"column":0},"end":{"line":4,"column":51}},"2":{"start":{"line":5,"column":0},"end":{"line":5,"column":33}},"3":{"start":{"line":7,"column":0},"end":{"line":7,"column":27}},"4":{"start":{"line":10,"column":15},"end":{"line":15,"column":22}},"5":{"start":{"line":16,"column":2},"end":{"line":16,"column":14}},"6":{"start":{"line":37,"column":22},"end":{"line":37,"column":34}},"7":{"start":{"line":19,"column":20},"end":{"line":35,"column":1}},"8":{"start":{"line":20,"column":2},"end":{"line":22,"column":null}},"9":{"start":{"line":21,"column":4},"end":{"line":21,"column":72}},"10":{"start":{"line":24,"column":19},"end":{"line":28,"column":4}},"11":{"start":{"line":30,"column":40},"end":{"line":32,"column":4}},"12":{"start":{"line":34,"column":2},"end":{"line":34,"column":28}},"13":{"start":{"line":37,"column":9},"end":{"line":37,"column":20}}},"fnMap":{"0":{"name":"getGroupHash","decl":{"start":{"line":9,"column":9},"end":{"line":9,"column":21}},"loc":{"start":{"line":9,"column":45},"end":{"line":17,"column":1}}},"1":{"name":"(anonymous_8)","decl":{"start":{"line":19,"column":20},"end":{"line":19,"column":25}},"loc":{"start":{"line":19,"column":84},"end":{"line":35,"column":1}}}},"branchMap":{"0":{"loc":{"start":{"line":20,"column":2},"end":{"line":22,"column":null}},"type":"if","locations":[{"start":{"line":20,"column":2},"end":{"line":22,"column":null}}]},"1":{"loc":{"start":{"line":31,"column":47},"end":{"line":31,"column":71}},"type":"binary-expr","locations":[{"start":{"line":31,"column":47},"end":{"line":31,"column":65}},{"start":{"line":31,"column":69},"end":{"line":31,"column":71}}]}},"s":{"0":1,"1":1,"2":1,"3":1,"4":1,"5":1,"6":1,"7":1,"8":2,"9":1,"10":1,"11":1,"12":1,"13":1},"f":{"0":1,"1":2},"b":{"0":[1],"1":[1,0]}}
,"/Users/luccamedeiros/repos/ta-pago/server/src/api/controllers/group/get-group-info.ts": {"path":"/Users/luccamedeiros/repos/ta-pago/server/src/api/controllers/group/get-group-info.ts","statementMap":{"0":{"start":{"line":2,"column":0},"end":{"line":2,"column":47}},"1":{"start":{"line":3,"column":0},"end":{"line":3,"column":67}},"2":{"start":{"line":4,"column":0},"end":{"line":4,"column":49}},"3":{"start":{"line":8,"column":0},"end":{"line":8,"column":27}},"4":{"start":{"line":10,"column":26},"end":{"line":41,"column":1}},"5":{"start":{"line":11,"column":33},"end":{"line":38,"column":4}},"6":{"start":{"line":12,"column":17},"end":{"line":16,"column":6}},"7":{"start":{"line":18,"column":4},"end":{"line":20,"column":null}},"8":{"start":{"line":19,"column":6},"end":{"line":19,"column":13}},"9":{"start":{"line":22,"column":92},"end":{"line":25,"column":6}},"10":{"start":{"line":27,"column":98},"end":{"line":33,"column":6}},"11":{"start":{"line":34,"column":4},"end":{"line":37,"column":6}},"12":{"start":{"line":40,"column":2},"end":{"line":40,"column":51}},"13":{"start":{"line":74,"column":23},"end":{"line":74,"column":40}},"14":{"start":{"line":44,"column":21},"end":{"line":72,"column":1}},"15":{"start":{"line":45,"column":2},"end":{"line":47,"column":null}},"16":{"start":{"line":46,"column":4},"end":{"line":46,"column":72}},"17":{"start":{"line":49,"column":25},"end":{"line":53,"column":4}},"18":{"start":{"line":55,"column":2},"end":{"line":57,"column":null}},"19":{"start":{"line":56,"column":4},"end":{"line":56,"column":24}},"20":{"start":{"line":59,"column":23},"end":{"line":63,"column":4}},"21":{"start":{"line":61,"column":52},"end":{"line":61,"column":79}},"22":{"start":{"line":65,"column":2},"end":{"line":67,"column":null}},"23":{"start":{"line":66,"column":4},"end":{"line":66,"column":24}},"24":{"start":{"line":69,"column":43},"end":{"line":69,"column":82}},"25":{"start":{"line":71,"column":2},"end":{"line":71,"column":28}},"26":{"start":{"line":74,"column":9},"end":{"line":74,"column":21}}},"fnMap":{"0":{"name":"(anonymous_1)","decl":{"start":{"line":10,"column":26},"end":{"line":10,"column":31}},"loc":{"start":{"line":10,"column":74},"end":{"line":41,"column":1}}},"1":{"name":"(anonymous_2)","decl":{"start":{"line":11,"column":52},"end":{"line":11,"column":57}},"loc":{"start":{"line":11,"column":76},"end":{"line":38,"column":3}}},"2":{"name":"(anonymous_3)","decl":{"start":{"line":44,"column":21},"end":{"line":44,"column":26}},"loc":{"start":{"line":44,"column":85},"end":{"line":72,"column":1}}},"3":{"name":"(anonymous_4)","decl":{"start":{"line":61,"column":33},"end":{"line":61,"column":34}},"loc":{"start":{"line":61,"column":52},"end":{"line":61,"column":79}}}},"branchMap":{"0":{"loc":{"start":{"line":18,"column":4},"end":{"line":20,"column":null}},"type":"if","locations":[{"start":{"line":18,"column":4},"end":{"line":20,"column":null}}]},"1":{"loc":{"start":{"line":45,"column":2},"end":{"line":47,"column":null}},"type":"if","locations":[{"start":{"line":45,"column":2},"end":{"line":47,"column":null}}]},"2":{"loc":{"start":{"line":55,"column":2},"end":{"line":57,"column":null}},"type":"if","locations":[{"start":{"line":55,"column":2},"end":{"line":57,"column":null}}]},"3":{"loc":{"start":{"line":65,"column":2},"end":{"line":67,"column":null}},"type":"if","locations":[{"start":{"line":65,"column":2},"end":{"line":67,"column":null}}]}},"s":{"0":1,"1":1,"2":1,"3":1,"4":1,"5":0,"6":0,"7":0,"8":0,"9":0,"10":0,"11":0,"12":0,"13":1,"14":1,"15":3,"16":1,"17":2,"18":2,"19":1,"20":1,"21":1,"22":1,"23":1,"24":0,"25":0,"26":1},"f":{"0":0,"1":0,"2":3,"3":1},"b":{"0":[0],"1":[1],"2":[1],"3":[1]}}
,"/Users/luccamedeiros/repos/ta-pago/server/src/api/tests/helpers.ts": {"path":"/Users/luccamedeiros/repos/ta-pago/server/src/api/tests/helpers.ts","statementMap":{"0":{"start":{"line":7,"column":20},"end":{"line":11,"column":2}},"1":{"start":{"line":7,"column":100},"end":{"line":11,"column":2}},"2":{"start":{"line":21,"column":9},"end":{"line":21,"column":20}},"3":{"start":{"line":13,"column":21},"end":{"line":19,"column":1}},"4":{"start":{"line":14,"column":33},"end":{"line":14,"column":35}},"5":{"start":{"line":15,"column":2},"end":{"line":15,"column":44}},"6":{"start":{"line":16,"column":2},"end":{"line":16,"column":46}},"7":{"start":{"line":17,"column":2},"end":{"line":17,"column":43}},"8":{"start":{"line":18,"column":2},"end":{"line":18,"column":13}},"9":{"start":{"line":21,"column":22},"end":{"line":21,"column":34}}},"fnMap":{"0":{"name":"(anonymous_0)","decl":{"start":{"line":7,"column":20},"end":{"line":7,"column":24}},"loc":{"start":{"line":7,"column":100},"end":{"line":11,"column":2}}},"1":{"name":"(anonymous_1)","decl":{"start":{"line":13,"column":21},"end":{"line":13,"column":43}},"loc":{"start":{"line":13,"column":45},"end":{"line":19,"column":1}}}},"branchMap":{},"s":{"0":5,"1":14,"2":5,"3":5,"4":14,"5":14,"6":14,"7":14,"8":14,"9":5},"f":{"0":14,"1":14},"b":{}}
,"/Users/luccamedeiros/repos/ta-pago/server/src/database/models/exercise.ts": {"path":"/Users/luccamedeiros/repos/ta-pago/server/src/database/models/exercise.ts","statementMap":{"0":{"start":{"line":1,"column":0},"end":{"line":1,"column":93}},"1":{"start":{"line":3,"column":0},"end":{"line":3,"column":26}},"2":{"start":{"line":4,"column":0},"end":{"line":4,"column":30}},"3":{"start":{"line":6,"column":0},"end":{"line":90,"column":null}},"4":{"start":{"line":77,"column":4},"end":{"line":77,"column":27}},"5":{"start":{"line":78,"column":4},"end":{"line":78,"column":25}},"6":{"start":{"line":79,"column":4},"end":{"line":79,"column":21}},"7":{"start":{"line":80,"column":4},"end":{"line":80,"column":27}},"8":{"start":{"line":81,"column":4},"end":{"line":81,"column":19}},"9":{"start":{"line":82,"column":4},"end":{"line":82,"column":21}},"10":{"start":{"line":83,"column":4},"end":{"line":83,"column":26}},"11":{"start":{"line":84,"column":4},"end":{"line":84,"column":24}},"12":{"start":{"line":85,"column":4},"end":{"line":85,"column":32}},"13":{"start":{"line":86,"column":4},"end":{"line":86,"column":32}},"14":{"start":{"line":87,"column":4},"end":{"line":87,"column":31}},"15":{"start":{"line":88,"column":4},"end":{"line":88,"column":23}},"16":{"start":{"line":16,"column":2},"end":{"line":16,"column":null}},"17":{"start":{"line":23,"column":2},"end":{"line":23,"column":null}},"18":{"start":{"line":18,"column":20},"end":{"line":18,"column":24}},"19":{"start":{"line":26,"column":2},"end":{"line":26,"column":null}},"20":{"start":{"line":25,"column":19},"end":{"line":25,"column":23}},"21":{"start":{"line":32,"column":2},"end":{"line":32,"column":null}},"22":{"start":{"line":38,"column":2},"end":{"line":38,"column":null}},"23":{"start":{"line":44,"column":2},"end":{"line":44,"column":null}},"24":{"start":{"line":50,"column":2},"end":{"line":50,"column":null}},"25":{"start":{"line":57,"column":2},"end":{"line":57,"column":null}},"26":{"start":{"line":64,"column":2},"end":{"line":64,"column":null}},"27":{"start":{"line":71,"column":2},"end":{"line":71,"column":null}},"28":{"start":{"line":66,"column":20},"end":{"line":66,"column":26}},"29":{"start":{"line":74,"column":2},"end":{"line":74,"column":null}},"30":{"start":{"line":73,"column":19},"end":{"line":73,"column":25}},"31":{"start":{"line":9,"column":21},"end":{"line":90,"column":null}},"32":{"start":{"line":9,"column":21},"end":{"line":9,"column":30}}},"fnMap":{"0":{"name":"(anonymous_3)","decl":{"start":{"line":76,"column":2},"end":{"line":76,"column":14}},"loc":{"start":{"line":76,"column":41},"end":{"line":89,"column":3}}},"1":{"name":"(anonymous_4)","decl":{"start":{"line":18,"column":14},"end":{"line":18,"column":17}},"loc":{"start":{"line":18,"column":20},"end":{"line":18,"column":24}}},"2":{"name":"(anonymous_5)","decl":{"start":{"line":25,"column":13},"end":{"line":25,"column":16}},"loc":{"start":{"line":25,"column":19},"end":{"line":25,"column":23}}},"3":{"name":"(anonymous_6)","decl":{"start":{"line":66,"column":14},"end":{"line":66,"column":17}},"loc":{"start":{"line":66,"column":20},"end":{"line":66,"column":26}}},"4":{"name":"(anonymous_7)","decl":{"start":{"line":73,"column":13},"end":{"line":73,"column":16}},"loc":{"start":{"line":73,"column":19},"end":{"line":73,"column":25}}}},"branchMap":{},"s":{"0":5,"1":5,"2":5,"3":5,"4":0,"5":0,"6":0,"7":0,"8":0,"9":0,"10":0,"11":0,"12":0,"13":0,"14":0,"15":0,"16":5,"17":5,"18":0,"19":5,"20":0,"21":5,"22":5,"23":5,"24":5,"25":5,"26":5,"27":5,"28":0,"29":5,"30":0,"31":5,"32":5},"f":{"0":0,"1":0,"2":0,"3":0,"4":0},"b":{}}
,"/Users/luccamedeiros/repos/ta-pago/server/src/database/models/group.ts": {"path":"/Users/luccamedeiros/repos/ta-pago/server/src/database/models/group.ts","statementMap":{"0":{"start":{"line":1,"column":0},"end":{"line":1,"column":79}},"1":{"start":{"line":3,"column":0},"end":{"line":3,"column":44}},"2":{"start":{"line":5,"column":0},"end":{"line":62,"column":null}},"3":{"start":{"line":53,"column":4},"end":{"line":53,"column":27}},"4":{"start":{"line":54,"column":4},"end":{"line":54,"column":22}},"5":{"start":{"line":55,"column":4},"end":{"line":55,"column":18}},"6":{"start":{"line":56,"column":4},"end":{"line":56,"column":19}},"7":{"start":{"line":57,"column":4},"end":{"line":57,"column":26}},"8":{"start":{"line":58,"column":4},"end":{"line":58,"column":32}},"9":{"start":{"line":59,"column":4},"end":{"line":59,"column":32}},"10":{"start":{"line":60,"column":4},"end":{"line":60,"column":29}},"11":{"start":{"line":14,"column":2},"end":{"line":14,"column":null}},"12":{"start":{"line":21,"column":2},"end":{"line":21,"column":null}},"13":{"start":{"line":27,"column":2},"end":{"line":27,"column":null}},"14":{"start":{"line":33,"column":2},"end":{"line":33,"column":null}},"15":{"start":{"line":40,"column":2},"end":{"line":40,"column":null}},"16":{"start":{"line":47,"column":2},"end":{"line":47,"column":null}},"17":{"start":{"line":50,"column":2},"end":{"line":50,"column":null}},"18":{"start":{"line":49,"column":17},"end":{"line":49,"column":30}},"19":{"start":{"line":7,"column":24},"end":{"line":62,"column":null}},"20":{"start":{"line":7,"column":24},"end":{"line":7,"column":30}}},"fnMap":{"0":{"name":"(anonymous_3)","decl":{"start":{"line":52,"column":2},"end":{"line":52,"column":14}},"loc":{"start":{"line":52,"column":41},"end":{"line":61,"column":3}}},"1":{"name":"(anonymous_4)","decl":{"start":{"line":49,"column":11},"end":{"line":49,"column":14}},"loc":{"start":{"line":49,"column":17},"end":{"line":49,"column":30}}}},"branchMap":{},"s":{"0":5,"1":5,"2":5,"3":0,"4":0,"5":0,"6":0,"7":0,"8":0,"9":0,"10":0,"11":5,"12":5,"13":5,"14":5,"15":5,"16":5,"17":5,"18":0,"19":5,"20":5},"f":{"0":0,"1":0},"b":{}}
,"/Users/luccamedeiros/repos/ta-pago/server/src/database/models/participation.ts": {"path":"/Users/luccamedeiros/repos/ta-pago/server/src/database/models/participation.ts","statementMap":{"0":{"start":{"line":3,"column":0},"end":{"line":3,"column":93}},"1":{"start":{"line":5,"column":0},"end":{"line":5,"column":26}},"2":{"start":{"line":6,"column":0},"end":{"line":6,"column":28}},"3":{"start":{"line":8,"column":0},"end":{"line":87,"column":null}},"4":{"start":{"line":75,"column":4},"end":{"line":75,"column":27}},"5":{"start":{"line":76,"column":4},"end":{"line":76,"column":30}},"6":{"start":{"line":77,"column":4},"end":{"line":77,"column":21}},"7":{"start":{"line":78,"column":4},"end":{"line":78,"column":27}},"8":{"start":{"line":79,"column":4},"end":{"line":79,"column":22}},"9":{"start":{"line":80,"column":4},"end":{"line":80,"column":29}},"10":{"start":{"line":81,"column":4},"end":{"line":81,"column":22}},"11":{"start":{"line":82,"column":4},"end":{"line":82,"column":30}},"12":{"start":{"line":83,"column":4},"end":{"line":83,"column":24}},"13":{"start":{"line":84,"column":4},"end":{"line":84,"column":32}},"14":{"start":{"line":85,"column":4},"end":{"line":85,"column":32}},"15":{"start":{"line":18,"column":2},"end":{"line":18,"column":null}},"16":{"start":{"line":25,"column":2},"end":{"line":25,"column":null}},"17":{"start":{"line":20,"column":20},"end":{"line":20,"column":24}},"18":{"start":{"line":28,"column":2},"end":{"line":28,"column":null}},"19":{"start":{"line":27,"column":19},"end":{"line":27,"column":23}},"20":{"start":{"line":35,"column":2},"end":{"line":35,"column":null}},"21":{"start":{"line":30,"column":20},"end":{"line":30,"column":25}},"22":{"start":{"line":38,"column":2},"end":{"line":38,"column":null}},"23":{"start":{"line":37,"column":19},"end":{"line":37,"column":24}},"24":{"start":{"line":44,"column":2},"end":{"line":44,"column":null}},"25":{"start":{"line":51,"column":2},"end":{"line":51,"column":null}},"26":{"start":{"line":58,"column":2},"end":{"line":58,"column":null}},"27":{"start":{"line":65,"column":2},"end":{"line":65,"column":null}},"28":{"start":{"line":72,"column":2},"end":{"line":72,"column":null}},"29":{"start":{"line":11,"column":21},"end":{"line":87,"column":null}},"30":{"start":{"line":11,"column":21},"end":{"line":11,"column":35}}},"fnMap":{"0":{"name":"(anonymous_3)","decl":{"start":{"line":74,"column":2},"end":{"line":74,"column":14}},"loc":{"start":{"line":74,"column":41},"end":{"line":86,"column":3}}},"1":{"name":"(anonymous_4)","decl":{"start":{"line":20,"column":14},"end":{"line":20,"column":17}},"loc":{"start":{"line":20,"column":20},"end":{"line":20,"column":24}}},"2":{"name":"(anonymous_5)","decl":{"start":{"line":27,"column":13},"end":{"line":27,"column":16}},"loc":{"start":{"line":27,"column":19},"end":{"line":27,"column":23}}},"3":{"name":"(anonymous_6)","decl":{"start":{"line":30,"column":14},"end":{"line":30,"column":17}},"loc":{"start":{"line":30,"column":20},"end":{"line":30,"column":25}}},"4":{"name":"(anonymous_7)","decl":{"start":{"line":37,"column":13},"end":{"line":37,"column":16}},"loc":{"start":{"line":37,"column":19},"end":{"line":37,"column":24}}}},"branchMap":{},"s":{"0":5,"1":5,"2":5,"3":5,"4":0,"5":0,"6":0,"7":0,"8":0,"9":0,"10":0,"11":0,"12":0,"13":0,"14":0,"15":5,"16":5,"17":0,"18":5,"19":0,"20":5,"21":0,"22":5,"23":0,"24":5,"25":5,"26":5,"27":5,"28":5,"29":5,"30":5},"f":{"0":0,"1":0,"2":0,"3":0,"4":0},"b":{}}
,"/Users/luccamedeiros/repos/ta-pago/server/src/database/models/record.ts": {"path":"/Users/luccamedeiros/repos/ta-pago/server/src/database/models/record.ts","statementMap":{"0":{"start":{"line":1,"column":0},"end":{"line":1,"column":102}},"1":{"start":{"line":3,"column":0},"end":{"line":3,"column":26}},"2":{"start":{"line":4,"column":0},"end":{"line":4,"column":34}},"3":{"start":{"line":6,"column":0},"end":{"line":68,"column":null}},"4":{"start":{"line":58,"column":4},"end":{"line":58,"column":27}},"5":{"start":{"line":59,"column":4},"end":{"line":59,"column":23}},"6":{"start":{"line":60,"column":4},"end":{"line":60,"column":21}},"7":{"start":{"line":61,"column":4},"end":{"line":61,"column":27}},"8":{"start":{"line":62,"column":4},"end":{"line":62,"column":19}},"9":{"start":{"line":63,"column":4},"end":{"line":63,"column":26}},"10":{"start":{"line":64,"column":4},"end":{"line":64,"column":32}},"11":{"start":{"line":65,"column":4},"end":{"line":65,"column":32}},"12":{"start":{"line":66,"column":4},"end":{"line":66,"column":24}},"13":{"start":{"line":16,"column":2},"end":{"line":16,"column":null}},"14":{"start":{"line":23,"column":2},"end":{"line":23,"column":null}},"15":{"start":{"line":18,"column":20},"end":{"line":18,"column":24}},"16":{"start":{"line":26,"column":2},"end":{"line":26,"column":null}},"17":{"start":{"line":25,"column":19},"end":{"line":25,"column":23}},"18":{"start":{"line":32,"column":2},"end":{"line":32,"column":null}},"19":{"start":{"line":38,"column":2},"end":{"line":38,"column":null}},"20":{"start":{"line":45,"column":2},"end":{"line":45,"column":null}},"21":{"start":{"line":52,"column":2},"end":{"line":52,"column":null}},"22":{"start":{"line":55,"column":2},"end":{"line":55,"column":null}},"23":{"start":{"line":54,"column":17},"end":{"line":54,"column":25}},"24":{"start":{"line":9,"column":21},"end":{"line":68,"column":null}},"25":{"start":{"line":9,"column":21},"end":{"line":9,"column":28}}},"fnMap":{"0":{"name":"(anonymous_3)","decl":{"start":{"line":57,"column":2},"end":{"line":57,"column":14}},"loc":{"start":{"line":57,"column":41},"end":{"line":67,"column":3}}},"1":{"name":"(anonymous_4)","decl":{"start":{"line":18,"column":14},"end":{"line":18,"column":17}},"loc":{"start":{"line":18,"column":20},"end":{"line":18,"column":24}}},"2":{"name":"(anonymous_5)","decl":{"start":{"line":25,"column":13},"end":{"line":25,"column":16}},"loc":{"start":{"line":25,"column":19},"end":{"line":25,"column":23}}},"3":{"name":"(anonymous_6)","decl":{"start":{"line":54,"column":11},"end":{"line":54,"column":14}},"loc":{"start":{"line":54,"column":17},"end":{"line":54,"column":25}}}},"branchMap":{},"s":{"0":6,"1":6,"2":6,"3":6,"4":0,"5":0,"6":0,"7":0,"8":0,"9":0,"10":0,"11":0,"12":0,"13":6,"14":6,"15":0,"16":6,"17":0,"18":6,"19":6,"20":6,"21":6,"22":6,"23":0,"24":6,"25":6},"f":{"0":0,"1":0,"2":0,"3":0},"b":{}}
,"/Users/luccamedeiros/repos/ta-pago/server/src/database/models/user.ts": {"path":"/Users/luccamedeiros/repos/ta-pago/server/src/database/models/user.ts","statementMap":{"0":{"start":{"line":1,"column":0},"end":{"line":1,"column":79}},"1":{"start":{"line":3,"column":0},"end":{"line":3,"column":44}},"2":{"start":{"line":4,"column":0},"end":{"line":4,"column":34}},"3":{"start":{"line":5,"column":0},"end":{"line":5,"column":30}},"4":{"start":{"line":7,"column":0},"end":{"line":73,"column":null}},"5":{"start":{"line":62,"column":4},"end":{"line":62,"column":27}},"6":{"start":{"line":63,"column":4},"end":{"line":63,"column":21}},"7":{"start":{"line":64,"column":4},"end":{"line":64,"column":19}},"8":{"start":{"line":65,"column":4},"end":{"line":65,"column":20}},"9":{"start":{"line":66,"column":4},"end":{"line":66,"column":23}},"10":{"start":{"line":67,"column":4},"end":{"line":67,"column":32}},"11":{"start":{"line":68,"column":4},"end":{"line":68,"column":32}},"12":{"start":{"line":69,"column":4},"end":{"line":69,"column":29}},"13":{"start":{"line":70,"column":4},"end":{"line":70,"column":24}},"14":{"start":{"line":71,"column":4},"end":{"line":71,"column":22}},"15":{"start":{"line":17,"column":2},"end":{"line":17,"column":null}},"16":{"start":{"line":24,"column":2},"end":{"line":24,"column":null}},"17":{"start":{"line":30,"column":2},"end":{"line":30,"column":null}},"18":{"start":{"line":36,"column":2},"end":{"line":36,"column":null}},"19":{"start":{"line":43,"column":2},"end":{"line":43,"column":null}},"20":{"start":{"line":50,"column":2},"end":{"line":50,"column":null}},"21":{"start":{"line":53,"column":2},"end":{"line":53,"column":null}},"22":{"start":{"line":52,"column":17},"end":{"line":52,"column":30}},"23":{"start":{"line":56,"column":2},"end":{"line":56,"column":null}},"24":{"start":{"line":55,"column":17},"end":{"line":55,"column":25}},"25":{"start":{"line":59,"column":2},"end":{"line":59,"column":null}},"26":{"start":{"line":58,"column":17},"end":{"line":58,"column":23}},"27":{"start":{"line":10,"column":21},"end":{"line":73,"column":null}},"28":{"start":{"line":10,"column":21},"end":{"line":10,"column":26}}},"fnMap":{"0":{"name":"(anonymous_3)","decl":{"start":{"line":61,"column":2},"end":{"line":61,"column":14}},"loc":{"start":{"line":61,"column":41},"end":{"line":72,"column":3}}},"1":{"name":"(anonymous_4)","decl":{"start":{"line":52,"column":11},"end":{"line":52,"column":14}},"loc":{"start":{"line":52,"column":17},"end":{"line":52,"column":30}}},"2":{"name":"(anonymous_5)","decl":{"start":{"line":55,"column":11},"end":{"line":55,"column":14}},"loc":{"start":{"line":55,"column":17},"end":{"line":55,"column":25}}},"3":{"name":"(anonymous_6)","decl":{"start":{"line":58,"column":11},"end":{"line":58,"column":14}},"loc":{"start":{"line":58,"column":17},"end":{"line":58,"column":23}}}},"branchMap":{},"s":{"0":5,"1":5,"2":5,"3":5,"4":5,"5":0,"6":0,"7":0,"8":0,"9":0,"10":0,"11":0,"12":0,"13":0,"14":0,"15":5,"16":5,"17":5,"18":5,"19":5,"20":5,"21":5,"22":0,"23":5,"24":0,"25":5,"26":0,"27":5,"28":5},"f":{"0":0,"1":0,"2":0,"3":0},"b":{}}
}
