TN:
SF:src/api/adapters/index.ts
FN:19,(anonymous_0)
FN:22,(anonymous_1)
FN:23,(anonymous_2)
FN:20,(anonymous_3)
FN:21,(anonymous_4)
FN:24,(anonymous_5)
FN:25,(anonymous_6)
FN:26,(anonymous_7)
FN:27,(anonymous_8)
FN:28,(anonymous_9)
FN:29,(anonymous_10)
FN:30,(anonymous_11)
FN:31,(anonymous_12)
FN:32,(anonymous_13)
FN:33,(anonymous_14)
FNF:15
FNH:1
FNDA:0,(anonymous_0)
FNDA:0,(anonymous_1)
FNDA:0,(anonymous_2)
FNDA:0,(anonymous_3)
FNDA:14,(anonymous_4)
FNDA:0,(anonymous_5)
FNDA:0,(anonymous_6)
FNDA:0,(anonymous_7)
FNDA:0,(anonymous_8)
FNDA:0,(anonymous_9)
FNDA:0,(anonymous_10)
FNDA:0,(anonymous_11)
FNDA:0,(anonymous_12)
FNDA:0,(anonymous_13)
FNDA:0,(anonymous_14)
DA:1,5
DA:2,5
DA:3,5
DA:4,5
DA:5,5
DA:6,5
DA:7,5
DA:8,5
DA:9,5
DA:10,5
DA:11,5
DA:12,5
DA:13,5
DA:14,5
DA:15,5
DA:19,5
DA:20,5
DA:21,19
DA:22,5
DA:23,5
DA:24,5
DA:25,5
DA:26,5
DA:27,5
DA:28,5
DA:29,5
DA:30,5
DA:31,5
DA:32,5
DA:33,5
LF:30
LH:30
BRF:0
BRH:0
end_of_record
TN:
SF:src/api/adapters/auth/login.ts
FN:4,(anonymous_0)
FNF:1
FNH:0
FNDA:0,(anonymous_0)
DA:4,5
DA:5,0
DA:9,0
DA:10,0
DA:12,0
DA:15,5
LF:6
LH:2
BRDA:9,0,0,0
BRDA:9,1,0,0
BRDA:9,1,1,0
BRF:3
BRH:0
end_of_record
TN:
SF:src/api/adapters/auth/verifyJWT.ts
FN:5,isAuthRequest
FN:9,(anonymous_1)
FN:16,(anonymous_2)
FNF:3
FNH:1
FNDA:14,isAuthRequest
FNDA:0,(anonymous_1)
FNDA:0,(anonymous_2)
DA:3,5
DA:6,14
DA:9,5
DA:10,0
DA:11,0
DA:14,0
DA:16,0
DA:17,0
DA:18,0
DA:20,0
DA:21,0
DA:25,5
LF:12
LH:4
BRDA:6,0,0,14
BRDA:6,0,1,14
BRDA:10,1,0,0
BRDA:17,2,0,0
BRF:4
BRH:2
end_of_record
TN:
SF:src/api/adapters/exercise/create.ts
FN:4,(anonymous_0)
FNF:1
FNH:0
FNDA:0,(anonymous_0)
DA:4,5
DA:5,0
DA:11,0
DA:15,0
DA:17,0
DA:20,5
LF:6
LH:2
BRDA:11,0,0,0
BRDA:11,1,0,0
BRDA:11,1,1,0
BRDA:11,1,2,0
BRDA:11,1,3,0
BRF:5
BRH:0
end_of_record
TN:
SF:src/api/adapters/exercise/delete.ts
FN:4,(anonymous_0)
FNF:1
FNH:0
FNDA:0,(anonymous_0)
DA:4,5
DA:5,0
DA:8,0
DA:9,0
DA:11,0
DA:14,5
LF:6
LH:2
BRDA:8,0,0,0
BRF:1
BRH:0
end_of_record
TN:
SF:src/api/adapters/exercise/get.ts
FN:4,(anonymous_0)
FNF:1
FNH:0
FNDA:0,(anonymous_0)
DA:4,5
DA:5,0
DA:8,0
DA:9,0
DA:11,0
DA:14,5
LF:6
LH:2
BRDA:8,0,0,0
BRF:1
BRH:0
end_of_record
TN:
SF:src/api/adapters/group/create.ts
FN:4,(anonymous_0)
FNF:1
FNH:0
FNDA:0,(anonymous_0)
DA:4,5
DA:5,0
DA:9,0
DA:11,0
DA:13,0
DA:16,5
LF:6
LH:2
BRDA:9,0,0,0
BRDA:9,1,0,0
BRDA:9,1,1,0
BRF:3
BRH:0
end_of_record
TN:
SF:src/api/adapters/group/get-group-info.ts
FN:4,(anonymous_0)
FNF:1
FNH:0
FNDA:0,(anonymous_0)
DA:4,5
DA:5,0
DA:8,0
DA:9,0
DA:11,0
DA:14,5
LF:6
LH:2
BRDA:8,0,0,0
BRF:1
BRH:0
end_of_record
TN:
SF:src/api/adapters/group/get-user-groups.ts
FN:4,(anonymous_0)
FNF:1
FNH:0
FNDA:0,(anonymous_0)
DA:4,5
DA:5,0
DA:8,0
DA:9,0
DA:11,0
DA:14,5
LF:6
LH:2
BRDA:8,0,0,0
BRF:1
BRH:0
end_of_record
TN:
SF:src/api/adapters/group/join.ts
FN:4,(anonymous_0)
FNF:1
FNH:0
FNDA:0,(anonymous_0)
DA:4,5
DA:5,0
DA:8,0
DA:9,0
DA:11,0
DA:14,5
LF:6
LH:2
BRDA:8,0,0,0
BRF:1
BRH:0
end_of_record
TN:
SF:src/api/adapters/record/create.ts
FN:4,(anonymous_0)
FNF:1
FNH:0
FNDA:0,(anonymous_0)
DA:4,5
DA:5,0
DA:9,0
DA:11,0
DA:13,0
DA:16,5
LF:6
LH:2
BRDA:9,0,0,0
BRDA:9,1,0,0
BRDA:9,1,1,0
BRF:3
BRH:0
end_of_record
TN:
SF:src/api/adapters/record/delete.ts
FN:4,(anonymous_0)
FNF:1
FNH:0
FNDA:0,(anonymous_0)
DA:4,5
DA:5,0
DA:8,0
DA:9,0
DA:11,0
DA:14,5
LF:6
LH:2
BRDA:8,0,0,0
BRF:1
BRH:0
end_of_record
TN:
SF:src/api/adapters/record/get.ts
FN:4,(anonymous_0)
FNF:1
FNH:0
FNDA:0,(anonymous_0)
DA:4,5
DA:5,0
DA:8,0
DA:9,0
DA:11,0
DA:14,5
LF:6
LH:2
BRDA:8,0,0,0
BRF:1
BRH:0
end_of_record
TN:
SF:src/api/adapters/record/put.ts
FN:4,(anonymous_0)
FNF:1
FNH:0
FNDA:0,(anonymous_0)
DA:4,5
DA:5,0
DA:9,0
DA:11,0
DA:13,0
DA:16,5
LF:6
LH:2
BRDA:9,0,0,0
BRDA:9,1,0,0
BRDA:9,1,1,0
BRF:3
BRH:0
end_of_record
TN:
SF:src/api/adapters/user/create.ts
FN:4,(anonymous_0)
FNF:1
FNH:0
FNDA:0,(anonymous_0)
DA:4,5
DA:5,0
DA:10,0
DA:11,0
DA:13,0
DA:16,5
LF:6
LH:2
BRDA:10,0,0,0
BRDA:10,1,0,0
BRDA:10,1,1,0
BRDA:10,1,2,0
BRF:4
BRH:0
end_of_record
TN:
SF:src/api/controllers/auth/login.ts
FN:9,(anonymous_1)
FNF:1
FNH:1
FNDA:3,(anonymous_1)
DA:2,1
DA:4,1
DA:6,1
DA:7,1
DA:9,1
DA:10,3
DA:15,3
DA:21,3
DA:22,1
DA:25,2
DA:29,2
DA:30,1
DA:33,1
DA:37,1
DA:43,1
DA:46,1
LF:16
LH:16
BRDA:21,0,0,1
BRDA:29,1,0,1
BRDA:35,2,0,1
BRDA:35,2,1,0
BRF:4
BRH:3
end_of_record
TN:
SF:src/api/controllers/exercise/create.ts
FN:7,(anonymous_1)
FNF:1
FNH:1
FNDA:2,(anonymous_1)
DA:3,1
DA:4,1
DA:5,1
DA:7,1
DA:8,2
DA:9,1
DA:12,1
DA:21,1
DA:22,1
DA:25,1
LF:10
LH:10
BRDA:8,0,0,1
BRF:1
BRH:1
end_of_record
TN:
SF:src/api/controllers/exercise/delete.ts
FN:7,(anonymous_1)
FNF:1
FNH:1
FNDA:4,(anonymous_1)
DA:3,1
DA:4,1
DA:5,1
DA:7,1
DA:8,4
DA:9,1
DA:12,3
DA:18,3
DA:19,1
DA:22,2
DA:23,1
DA:26,1
DA:32,1
DA:33,1
DA:36,1
LF:15
LH:15
BRDA:8,0,0,1
BRDA:18,1,0,1
BRDA:22,2,0,1
BRF:3
BRH:3
end_of_record
TN:
SF:src/api/controllers/exercise/get.ts
FN:8,(anonymous_1)
FNF:1
FNH:1
FNDA:3,(anonymous_1)
DA:3,1
DA:4,1
DA:5,1
DA:6,1
DA:8,1
DA:9,3
DA:10,1
DA:13,2
DA:19,2
DA:20,1
DA:23,1
DA:29,1
DA:30,1
DA:33,1
LF:14
LH:14
BRDA:9,0,0,1
BRDA:19,1,0,1
BRF:2
BRH:2
end_of_record
TN:
SF:src/api/controllers/group/create.ts
FN:9,getGroupHash
FN:19,(anonymous_8)
FNF:2
FNH:2
FNDA:1,getGroupHash
FNDA:2,(anonymous_8)
DA:3,1
DA:4,1
DA:5,1
DA:7,1
DA:10,1
DA:16,1
DA:19,1
DA:20,2
DA:21,1
DA:24,1
DA:30,1
DA:34,1
DA:37,1
LF:13
LH:13
BRDA:20,0,0,1
BRDA:31,1,0,1
BRDA:31,1,1,0
BRF:3
BRH:2
end_of_record
TN:
SF:src/api/controllers/group/get-group-info.ts
FN:10,(anonymous_1)
FN:11,(anonymous_2)
FN:44,(anonymous_3)
FN:61,(anonymous_4)
FNF:4
FNH:2
FNDA:0,(anonymous_1)
FNDA:0,(anonymous_2)
FNDA:3,(anonymous_3)
FNDA:1,(anonymous_4)
DA:2,1
DA:3,1
DA:4,1
DA:8,1
DA:10,1
DA:11,0
DA:12,0
DA:18,0
DA:19,0
DA:22,0
DA:27,0
DA:34,0
DA:40,0
DA:44,1
DA:45,3
DA:46,1
DA:49,2
DA:55,2
DA:56,1
DA:59,1
DA:61,1
DA:65,1
DA:66,1
DA:69,0
DA:71,0
DA:74,1
LF:26
LH:16
BRDA:18,0,0,0
BRDA:45,1,0,1
BRDA:55,2,0,1
BRDA:65,3,0,1
BRF:4
BRH:3
end_of_record
TN:
SF:src/api/tests/helpers.ts
FN:7,(anonymous_0)
FN:13,(anonymous_1)
FNF:2
FNH:2
FNDA:17,(anonymous_0)
FNDA:17,(anonymous_1)
DA:7,17
DA:13,6
DA:14,17
DA:15,17
DA:16,17
DA:17,17
DA:18,17
DA:21,6
LF:8
LH:8
BRF:0
BRH:0
end_of_record
TN:
SF:src/database/models/exercise.ts
FN:76,(anonymous_3)
FN:18,(anonymous_4)
FN:25,(anonymous_5)
FN:66,(anonymous_6)
FN:73,(anonymous_7)
FNF:5
FNH:0
FNDA:0,(anonymous_3)
FNDA:0,(anonymous_4)
FNDA:0,(anonymous_5)
FNDA:0,(anonymous_6)
FNDA:0,(anonymous_7)
DA:1,6
DA:3,6
DA:4,6
DA:6,6
DA:9,6
DA:16,6
DA:18,0
DA:23,6
DA:25,0
DA:26,6
DA:32,6
DA:38,6
DA:44,6
DA:50,6
DA:57,6
DA:64,6
DA:66,0
DA:71,6
DA:73,0
DA:74,6
DA:77,0
DA:78,0
DA:79,0
DA:80,0
DA:81,0
DA:82,0
DA:83,0
DA:84,0
DA:85,0
DA:86,0
DA:87,0
DA:88,0
LF:32
LH:16
BRF:0
BRH:0
end_of_record
TN:
SF:src/database/models/group.ts
FN:52,(anonymous_3)
FN:49,(anonymous_4)
FNF:2
FNH:0
FNDA:0,(anonymous_3)
FNDA:0,(anonymous_4)
DA:1,6
DA:3,6
DA:5,6
DA:7,6
DA:14,6
DA:21,6
DA:27,6
DA:33,6
DA:40,6
DA:47,6
DA:49,0
DA:50,6
DA:53,0
DA:54,0
DA:55,0
DA:56,0
DA:57,0
DA:58,0
DA:59,0
DA:60,0
LF:20
LH:11
BRF:0
BRH:0
end_of_record
TN:
SF:src/database/models/participation.ts
FN:74,(anonymous_3)
FN:20,(anonymous_4)
FN:27,(anonymous_5)
FN:30,(anonymous_6)
FN:37,(anonymous_7)
FNF:5
FNH:0
FNDA:0,(anonymous_3)
FNDA:0,(anonymous_4)
FNDA:0,(anonymous_5)
FNDA:0,(anonymous_6)
FNDA:0,(anonymous_7)
DA:3,6
DA:5,6
DA:6,6
DA:8,6
DA:11,6
DA:18,6
DA:20,0
DA:25,6
DA:27,0
DA:28,6
DA:30,0
DA:35,6
DA:37,0
DA:38,6
DA:44,6
DA:51,6
DA:58,6
DA:65,6
DA:72,6
DA:75,0
DA:76,0
DA:77,0
DA:78,0
DA:79,0
DA:80,0
DA:81,0
DA:82,0
DA:83,0
DA:84,0
DA:85,0
LF:30
LH:15
BRF:0
BRH:0
end_of_record
TN:
SF:src/database/models/record.ts
FN:57,(anonymous_3)
FN:18,(anonymous_4)
FN:25,(anonymous_5)
FN:54,(anonymous_6)
FNF:4
FNH:0
FNDA:0,(anonymous_3)
FNDA:0,(anonymous_4)
FNDA:0,(anonymous_5)
FNDA:0,(anonymous_6)
DA:1,7
DA:3,7
DA:4,7
DA:6,7
DA:9,7
DA:16,7
DA:18,0
DA:23,7
DA:25,0
DA:26,7
DA:32,7
DA:38,7
DA:45,7
DA:52,7
DA:54,0
DA:55,7
DA:58,0
DA:59,0
DA:60,0
DA:61,0
DA:62,0
DA:63,0
DA:64,0
DA:65,0
DA:66,0
LF:25
LH:13
BRF:0
BRH:0
end_of_record
TN:
SF:src/database/models/user.ts
FN:61,(anonymous_3)
FN:52,(anonymous_4)
FN:55,(anonymous_5)
FN:58,(anonymous_6)
FNF:4
FNH:0
FNDA:0,(anonymous_3)
FNDA:0,(anonymous_4)
FNDA:0,(anonymous_5)
FNDA:0,(anonymous_6)
DA:1,6
DA:3,6
DA:4,6
DA:5,6
DA:7,6
DA:10,6
DA:17,6
DA:24,6
DA:30,6
DA:36,6
DA:43,6
DA:50,6
DA:52,0
DA:53,6
DA:55,0
DA:56,6
DA:58,0
DA:59,6
DA:62,0
DA:63,0
DA:64,0
DA:65,0
DA:66,0
DA:67,0
DA:68,0
DA:69,0
DA:70,0
DA:71,0
LF:28
LH:15
BRF:0
BRH:0
end_of_record
